{"/Users/bailey/dev/functional-programming-library/src/index.ts": {"path":"/Users/bailey/dev/functional-programming-library/src/index.ts","statementMap":{"0":{"start":{"line":1,"column":0},"end":{"line":1,"column":31}},"1":{"start":{"line":1,"column":9},"end":{"line":1,"column":12}},"2":{"start":{"line":2,"column":0},"end":{"line":2,"column":37}},"3":{"start":{"line":2,"column":9},"end":{"line":2,"column":15}}},"fnMap":{"0":{"name":"(anonymous_0)","decl":{"start":{"line":1,"column":9},"end":{"line":1,"column":8}},"loc":{"start":{"line":1,"column":9},"end":{"line":1,"column":12}}},"1":{"name":"(anonymous_1)","decl":{"start":{"line":2,"column":9},"end":{"line":2,"column":8}},"loc":{"start":{"line":2,"column":9},"end":{"line":2,"column":15}}}},"branchMap":{},"s":{"0":0,"1":0,"2":0,"3":0},"f":{"0":0,"1":0},"b":{}}
}
